<?xml version="1.0" encoding="UTF-8"?>
<testng-results ignored="0" total="1" passed="1" failed="0" skipped="0">
  <reporter-output>
  </reporter-output>
  <suite started-at="2021-09-30T17:43:10 IST" name="Default suite" finished-at="2021-09-30T17:43:12 IST" duration-ms="2027">
    <groups>
    </groups>
    <test started-at="2021-09-30T17:43:10 IST" name="Default test" finished-at="2021-09-30T17:43:12 IST" duration-ms="2027">
      <class name="Functonaltesting.GetRequest">
        <test-method signature="getRequest()[pri:0, instance:Functonaltesting.GetRequest@69b2283a]" started-at="2021-09-30T17:43:10 IST" name="getRequest" finished-at="2021-09-30T17:43:12 IST" duration-ms="1986" status="PASS">
          <reporter-output>
          </reporter-output>
        </test-method> <!-- getRequest -->
      </class> <!-- Functonaltesting.GetRequest -->
    </test> <!-- Default test -->
  </suite> <!-- Default suite -->
</testng-results>
